<?xml version="1.0" encoding="UTF-8"?>
<robot generator="Robot 6.1.1 (Python 3.11.8 on darwin)" generated="20240301 06:53:48.440" rpa="false" schemaversion="4">
<suite id="s1" name="Ui" source="/Users/boyone/workspaces/sck/sck-online-store/atdd/ui">
<suite id="s1-s1" name="Sck Online Shopping Creditcard Success" source="/Users/boyone/workspaces/sck/sck-online-store/atdd/ui/sck_online_shopping_creditcard_success.robot">
<test id="s1-s1-t1" name="ทดสอบ สั่งซื้อสินค้า Balance Training Bicycle จัดส่งด้วย Kerry ชำระเงินด้วยบัตรเครดิต Visa สำเร็จ และตรวจสอบการได้แต้มสะสม" line="10">
<kw name="ค้นหาสินค้าด้วย คำค้นหา">
<arg>Bicycle</arg>
<kw name="Open Browser" library="SeleniumLibrary">
<arg>url=${URL}</arg>
<arg>browser=${BROWSER}</arg>
<doc>Opens a new browser instance to the optional ``url``.</doc>
<msg timestamp="20240301 06:53:48.489" level="INFO">Opening browser 'gc' to base url 'http://localhost/product/list'.</msg>
<status status="PASS" starttime="20240301 06:53:48.489" endtime="20240301 06:53:49.810"/>
</kw>
<kw name="Input Text" library="SeleniumLibrary">
<arg>id:search-product-input</arg>
<arg>${keyword}</arg>
<doc>Types the given ``text`` into the text field identified by ``locator``.</doc>
<msg timestamp="20240301 06:53:49.811" level="INFO">Typing text 'Bicycle' into text field 'id:search-product-input'.</msg>
<status status="PASS" starttime="20240301 06:53:49.810" endtime="20240301 06:53:49.888"/>
</kw>
<kw name="Click Element" library="SeleniumLibrary">
<arg>id:search-product-btn</arg>
<doc>Click the element identified by ``locator``.</doc>
<msg timestamp="20240301 06:53:49.888" level="INFO">Clicking element 'id:search-product-btn'.</msg>
<status status="PASS" starttime="20240301 06:53:49.888" endtime="20240301 06:53:49.933"/>
</kw>
<status status="PASS" starttime="20240301 06:53:48.489" endtime="20240301 06:53:49.933"/>
</kw>
<kw name="ตรวจสอบผลการค้นหา">
<arg>product-card-name-1</arg>
<arg>Balance Training Bicycle</arg>
<kw name="Wait Until Element Is Visible" library="SeleniumLibrary">
<arg>id:${card-name-locator}</arg>
<doc>Waits until the element ``locator`` is visible.</doc>
<status status="PASS" starttime="20240301 06:53:49.934" endtime="20240301 06:53:50.165"/>
</kw>
<kw name="Element Should Contain" library="SeleniumLibrary">
<arg>id:${card-name-locator}</arg>
<arg>${expected-product-name}</arg>
<doc>Verifies that element ``locator`` contains text ``expected``.</doc>
<msg timestamp="20240301 06:53:50.176" level="INFO">Element 'id:product-card-name-1' contains text 'Balance Training Bicycle'.</msg>
<status status="PASS" starttime="20240301 06:53:50.165" endtime="20240301 06:53:50.176"/>
</kw>
<status status="PASS" starttime="20240301 06:53:49.934" endtime="20240301 06:53:50.176"/>
</kw>
<kw name="เลือกดูสินค้า">
<arg>product-card-name-1</arg>
<kw name="Click Element" library="SeleniumLibrary">
<arg>id:${card-name-locator}</arg>
<doc>Click the element identified by ``locator``.</doc>
<msg timestamp="20240301 06:53:50.176" level="INFO">Clicking element 'id:product-card-name-1'.</msg>
<status status="PASS" starttime="20240301 06:53:50.176" endtime="20240301 06:53:50.252"/>
</kw>
<status status="PASS" starttime="20240301 06:53:50.176" endtime="20240301 06:53:50.252"/>
</kw>
<kw name="ตรวจสอบจำนวนแต้มต่อชิ้นที่จะได้รับของ">
<arg>product-detail-point</arg>
<arg>43 Points</arg>
<kw name="Wait Until Element Is Visible" library="SeleniumLibrary">
<arg>id:${detail-point-locator}</arg>
<doc>Waits until the element ``locator`` is visible.</doc>
<status status="PASS" starttime="20240301 06:53:50.252" endtime="20240301 06:53:50.269"/>
</kw>
<kw name="Element Text Should Be" library="SeleniumLibrary">
<arg>id:${detail-point-locator}</arg>
<arg>${expected-point}</arg>
<doc>Verifies that element ``locator`` contains exact the text ``expected``.</doc>
<msg timestamp="20240301 06:53:50.270" level="INFO">Verifying element 'id:product-detail-point' contains exact text '43 Points'.</msg>
<status status="PASS" starttime="20240301 06:53:50.269" endtime="20240301 06:53:50.277"/>
</kw>
<status status="PASS" starttime="20240301 06:53:50.252" endtime="20240301 06:53:50.277"/>
</kw>
<kw name="เพิ่มสินค้าลงตะกร้า">
<arg>Balance Training Bicycle</arg>
<kw name="Click Button" library="SeleniumLibrary">
<arg>id:product-detail-add-to-cart-btn</arg>
<doc>Clicks the button identified by ``locator``.</doc>
<msg timestamp="20240301 06:53:50.278" level="INFO">Clicking button 'id:product-detail-add-to-cart-btn'.</msg>
<status status="PASS" starttime="20240301 06:53:50.277" endtime="20240301 06:53:50.301"/>
</kw>
<status status="PASS" starttime="20240301 06:53:50.277" endtime="20240301 06:53:50.301"/>
</kw>
<kw name="ตรวจสอบจำนวนแต้มต่อชิ้นที่จะได้รับของสินค้าในตะกร้า">
<arg>product-1-point</arg>
<kw name="Click Button" library="SeleniumLibrary">
<arg>id:header-menu-cart-btn</arg>
<doc>Clicks the button identified by ``locator``.</doc>
<msg timestamp="20240301 06:53:50.301" level="INFO">Clicking button 'id:header-menu-cart-btn'.</msg>
<status status="PASS" starttime="20240301 06:53:50.301" endtime="20240301 06:53:50.334"/>
</kw>
<kw name="Wait Until Element Is Visible" library="SeleniumLibrary">
<arg>id:${product-point-locator}</arg>
<doc>Waits until the element ``locator`` is visible.</doc>
<status status="PASS" starttime="20240301 06:53:50.334" endtime="20240301 06:53:50.775"/>
</kw>
<status status="PASS" starttime="20240301 06:53:50.301" endtime="20240301 06:53:50.775"/>
</kw>
<kw name="ใส่ที่อยู่จัดส่งสินค้า">
<arg>พงศกร</arg>
<arg>รุ่งเรืองทรัพย์</arg>
<arg>189/413 หมู่ 2</arg>
<arg>สมุทรปราการ</arg>
<arg>เมืองสมุทรปราการ</arg>
<arg>แพรกษาใหม่</arg>
<arg>10280</arg>
<arg>0909127991</arg>
<kw name="Click Link" library="SeleniumLibrary">
<arg>id:shopping-cart-checkout-btn</arg>
<doc>Clicks a link identified by ``locator``.</doc>
<msg timestamp="20240301 06:53:50.776" level="INFO">Clicking link 'id:shopping-cart-checkout-btn'.</msg>
<status status="PASS" starttime="20240301 06:53:50.776" endtime="20240301 06:53:50.881"/>
</kw>
<kw name="Input Text" library="SeleniumLibrary">
<arg>id:shipping-form-first-name-input</arg>
<arg>${firstname}</arg>
<doc>Types the given ``text`` into the text field identified by ``locator``.</doc>
<msg timestamp="20240301 06:53:50.881" level="INFO">Typing text 'พงศกร' into text field 'id:shipping-form-first-name-input'.</msg>
<status status="PASS" starttime="20240301 06:53:50.881" endtime="20240301 06:53:50.921"/>
</kw>
<kw name="Input Text" library="SeleniumLibrary">
<arg>id:shipping-form-last-name-input</arg>
<arg>${lastname}</arg>
<doc>Types the given ``text`` into the text field identified by ``locator``.</doc>
<msg timestamp="20240301 06:53:50.921" level="INFO">Typing text 'รุ่งเรืองทรัพย์' into text field 'id:shipping-form-last-name-input'.</msg>
<status status="PASS" starttime="20240301 06:53:50.921" endtime="20240301 06:53:50.964"/>
</kw>
<kw name="Input Text" library="SeleniumLibrary">
<arg>id:shipping-form-address-input</arg>
<arg>${address}</arg>
<doc>Types the given ``text`` into the text field identified by ``locator``.</doc>
<msg timestamp="20240301 06:53:50.964" level="INFO">Typing text '189/413 หมู่ 2' into text field 'id:shipping-form-address-input'.</msg>
<status status="PASS" starttime="20240301 06:53:50.964" endtime="20240301 06:53:51.005"/>
</kw>
<kw name="Select From List By Label" library="SeleniumLibrary">
<arg>id:shipping-form-province-select</arg>
<arg>${province}</arg>
<doc>Selects options from selection list ``locator`` by ``labels``.</doc>
<msg timestamp="20240301 06:53:51.005" level="INFO">Selecting options from selection list 'id:shipping-form-province-select' by label สมุทรปราการ.</msg>
<status status="PASS" starttime="20240301 06:53:51.005" endtime="20240301 06:53:51.039"/>
</kw>
<kw name="Select From List By Label" library="SeleniumLibrary">
<arg>id:shipping-form-district-select</arg>
<arg>${district}</arg>
<doc>Selects options from selection list ``locator`` by ``labels``.</doc>
<msg timestamp="20240301 06:53:51.040" level="INFO">Selecting options from selection list 'id:shipping-form-district-select' by label เมืองสมุทรปราการ.</msg>
<status status="PASS" starttime="20240301 06:53:51.039" endtime="20240301 06:53:51.066"/>
</kw>
<kw name="Select From List By Label" library="SeleniumLibrary">
<arg>id:shipping-form-sub-district-select</arg>
<arg>${subdistrict}</arg>
<doc>Selects options from selection list ``locator`` by ``labels``.</doc>
<msg timestamp="20240301 06:53:51.067" level="INFO">Selecting options from selection list 'id:shipping-form-sub-district-select' by label แพรกษาใหม่.</msg>
<status status="PASS" starttime="20240301 06:53:51.067" endtime="20240301 06:53:51.092"/>
</kw>
<kw name="Element Attribute Value Should Be" library="SeleniumLibrary">
<arg>id:shipping-form-zipcode-input</arg>
<arg>value</arg>
<arg>${zipcode}</arg>
<doc>Verifies element identified by ``locator`` contains expected attribute value.</doc>
<msg timestamp="20240301 06:53:51.101" level="INFO">Element 'id:shipping-form-zipcode-input' attribute 'value' contains value '10280'.</msg>
<status status="PASS" starttime="20240301 06:53:51.092" endtime="20240301 06:53:51.101"/>
</kw>
<kw name="Input Text" library="SeleniumLibrary">
<arg>id:shipping-form-mobile-input</arg>
<arg>${mobileno}</arg>
<doc>Types the given ``text`` into the text field identified by ``locator``.</doc>
<msg timestamp="20240301 06:53:51.102" level="INFO">Typing text '0909127991' into text field 'id:shipping-form-mobile-input'.</msg>
<status status="PASS" starttime="20240301 06:53:51.101" endtime="20240301 06:53:51.136"/>
</kw>
<status status="PASS" starttime="20240301 06:53:50.775" endtime="20240301 06:53:51.136"/>
</kw>
<kw name="เลือกวิธีจัดส่งสินค้าเป็น">
<arg>shipping-method-1-card</arg>
<kw name="Click Element" library="SeleniumLibrary">
<arg>id:${shipping-method-card}</arg>
<doc>Click the element identified by ``locator``.</doc>
<msg timestamp="20240301 06:53:51.137" level="INFO">Clicking element 'id:shipping-method-1-card'.</msg>
<status status="PASS" starttime="20240301 06:53:51.136" endtime="20240301 06:53:51.154"/>
</kw>
<status status="PASS" starttime="20240301 06:53:51.136" endtime="20240301 06:53:51.154"/>
</kw>
<kw name="ตรวจสอบค่าจัดส่งสินค้าของ Kerry เท่ากันกับ 50.00 บาท">
<arg>shipping-method-1-fee</arg>
<arg>฿50.00</arg>
<kw name="Element Text Should Be" library="SeleniumLibrary">
<arg>id:shipping-method-1-fee</arg>
<arg>฿50.00</arg>
<doc>Verifies that element ``locator`` contains exact the text ``expected``.</doc>
<msg timestamp="20240301 06:53:51.155" level="INFO">Verifying element 'id:shipping-method-1-fee' contains exact text '฿50.00'.</msg>
<status status="PASS" starttime="20240301 06:53:51.154" endtime="20240301 06:53:51.162"/>
</kw>
<status status="PASS" starttime="20240301 06:53:51.154" endtime="20240301 06:53:51.162"/>
</kw>
<kw name="เลือกช่องทางการชำระเงินแบบ VISA Credit Card">
<kw name="Click Element" library="SeleniumLibrary">
<arg>id:payment-credit-input</arg>
<doc>Click the element identified by ``locator``.</doc>
<msg timestamp="20240301 06:53:51.162" level="INFO">Clicking element 'id:payment-credit-input'.</msg>
<status status="PASS" starttime="20240301 06:53:51.162" endtime="20240301 06:53:51.183"/>
</kw>
<kw name="Input Text" library="SeleniumLibrary">
<arg>id:payment-credit-form-fullname-input</arg>
<arg>พงศกร รุ่งเรืองทรัพย์</arg>
<doc>Types the given ``text`` into the text field identified by ``locator``.</doc>
<msg timestamp="20240301 06:53:51.183" level="INFO">Typing text 'พงศกร รุ่งเรืองทรัพย์' into text field 'id:payment-credit-form-fullname-input'.</msg>
<status status="PASS" starttime="20240301 06:53:51.183" endtime="20240301 06:53:51.232"/>
</kw>
<kw name="Input Text" library="SeleniumLibrary">
<arg>id:payment-credit-form-card-number-input</arg>
<arg>4719700591590995</arg>
<doc>Types the given ``text`` into the text field identified by ``locator``.</doc>
<msg timestamp="20240301 06:53:51.232" level="INFO">Typing text '4719700591590995' into text field 'id:payment-credit-form-card-number-input'.</msg>
<status status="PASS" starttime="20240301 06:53:51.232" endtime="20240301 06:53:51.273"/>
</kw>
<kw name="Input Text" library="SeleniumLibrary">
<arg>id:payment-credit-form-expiry-input</arg>
<arg>0226</arg>
<doc>Types the given ``text`` into the text field identified by ``locator``.</doc>
<msg timestamp="20240301 06:53:51.274" level="INFO">Typing text '0226' into text field 'id:payment-credit-form-expiry-input'.</msg>
<status status="PASS" starttime="20240301 06:53:51.273" endtime="20240301 06:53:51.306"/>
</kw>
<kw name="Input Text" library="SeleniumLibrary">
<arg>id:payment-credit-form-cvv-input</arg>
<arg>752</arg>
<doc>Types the given ``text`` into the text field identified by ``locator``.</doc>
<msg timestamp="20240301 06:53:51.306" level="INFO">Typing text '752' into text field 'id:payment-credit-form-cvv-input'.</msg>
<status status="PASS" starttime="20240301 06:53:51.306" endtime="20240301 06:53:51.338"/>
</kw>
<status status="PASS" starttime="20240301 06:53:51.162" endtime="20240301 06:53:51.338"/>
</kw>
<kw name="ตรวจสอบราคารวมที่ต้องชำระเงิน ต้องเท่ากันกับ 8,679.20 บาท">
<kw name="Element Should Be Visible" library="SeleniumLibrary">
<arg>id:order-summary-total-payment-price</arg>
<doc>Verifies that the element identified by ``locator`` is visible.</doc>
<msg timestamp="20240301 06:53:51.347" level="INFO">Element 'id:order-summary-total-payment-price' is displayed.</msg>
<status status="PASS" starttime="20240301 06:53:51.339" endtime="20240301 06:53:51.347"/>
</kw>
<status status="PASS" starttime="20240301 06:53:51.339" endtime="20240301 06:53:51.347"/>
</kw>
<kw name="ยืนยัน OTP">
<kw name="Click Button" library="SeleniumLibrary">
<arg>id:payment-now-btn</arg>
<doc>Clicks the button identified by ``locator``.</doc>
<msg timestamp="20240301 06:53:51.347" level="INFO">Clicking button 'id:payment-now-btn'.</msg>
<status status="PASS" starttime="20240301 06:53:51.347" endtime="20240301 06:53:51.369"/>
</kw>
<kw name="Wait Until Element Is Visible" library="SeleniumLibrary">
<arg>id:otp-input</arg>
<doc>Waits until the element ``locator`` is visible.</doc>
<status status="PASS" starttime="20240301 06:53:51.369" endtime="20240301 06:53:51.590"/>
</kw>
<kw name="Click Button" library="SeleniumLibrary">
<arg>Request OTP</arg>
<doc>Clicks the button identified by ``locator``.</doc>
<msg timestamp="20240301 06:53:51.591" level="INFO">Clicking button 'Request OTP'.</msg>
<status status="PASS" starttime="20240301 06:53:51.590" endtime="20240301 06:53:51.616"/>
</kw>
<kw name="Input Text" library="SeleniumLibrary">
<arg>id:otp-input</arg>
<arg>124532</arg>
<doc>Types the given ``text`` into the text field identified by ``locator``.</doc>
<msg timestamp="20240301 06:53:51.617" level="INFO">Typing text '124532' into text field 'id:otp-input'.</msg>
<status status="PASS" starttime="20240301 06:53:51.616" endtime="20240301 06:53:51.646"/>
</kw>
<kw name="Click Button" library="SeleniumLibrary">
<arg>PAY NOW</arg>
<doc>Clicks the button identified by ``locator``.</doc>
<msg timestamp="20240301 06:53:51.646" level="INFO">Clicking button 'PAY NOW'.</msg>
<status status="PASS" starttime="20240301 06:53:51.646" endtime="20240301 06:53:51.668"/>
</kw>
<status status="PASS" starttime="20240301 06:53:51.347" endtime="20240301 06:53:51.668"/>
</kw>
<kw name="ตรวจสอบหมายเลขพัสดุ">
<kw name="Wait Until Element Is Visible" library="SeleniumLibrary">
<arg>id:order-success-tracking-id</arg>
<doc>Waits until the element ``locator`` is visible.</doc>
<status status="PASS" starttime="20240301 06:53:51.668" endtime="20240301 06:53:51.888"/>
</kw>
<kw name="Element Should Contain" library="SeleniumLibrary">
<arg>id:order-success-tracking-id</arg>
<arg>KR-</arg>
<doc>Verifies that element ``locator`` contains text ``expected``.</doc>
<msg timestamp="20240301 06:53:51.896" level="INFO">Element 'id:order-success-tracking-id' contains text 'KR-'.</msg>
<status status="PASS" starttime="20240301 06:53:51.888" endtime="20240301 06:53:51.896"/>
</kw>
<kw name="Get Text" library="SeleniumLibrary">
<var>${tracking-id}</var>
<arg>id:order-success-tracking-id</arg>
<doc>Returns the text value of the element identified by ``locator``.</doc>
<msg timestamp="20240301 06:53:51.903" level="INFO">${tracking-id} = KR-590467806</msg>
<status status="PASS" starttime="20240301 06:53:51.896" endtime="20240301 06:53:51.903"/>
</kw>
<kw name="Should Match Regexp" library="BuiltIn">
<arg>${tracking-id}</arg>
<arg>^KR-\\d{9}$</arg>
<doc>Fails if ``string`` does not match ``pattern`` as a regular expression.</doc>
<status status="PASS" starttime="20240301 06:53:51.903" endtime="20240301 06:53:51.903"/>
</kw>
<status status="PASS" starttime="20240301 06:53:51.668" endtime="20240301 06:53:51.903"/>
</kw>
<kw name="ยืนยันการส่งการแจ้งเตือนด้วย email และ เบอร์โทรศัพท์">
<kw name="Input Text" library="SeleniumLibrary">
<arg>id:notification-form-email-input</arg>
<arg>ponsakorn@gmail.com</arg>
<doc>Types the given ``text`` into the text field identified by ``locator``.</doc>
<msg timestamp="20240301 06:53:51.903" level="INFO">Typing text 'ponsakorn@gmail.com' into text field 'id:notification-form-email-input'.</msg>
<status status="PASS" starttime="20240301 06:53:51.903" endtime="20240301 06:53:51.938"/>
</kw>
<kw name="Input Text" library="SeleniumLibrary">
<arg>id:notification-form-mobile-input</arg>
<arg>0909127991</arg>
<doc>Types the given ``text`` into the text field identified by ``locator``.</doc>
<msg timestamp="20240301 06:53:51.938" level="INFO">Typing text '0909127991' into text field 'id:notification-form-mobile-input'.</msg>
<status status="PASS" starttime="20240301 06:53:51.938" endtime="20240301 06:53:51.969"/>
</kw>
<kw name="Click Button" library="SeleniumLibrary">
<arg>id:send-notification-btn</arg>
<doc>Clicks the button identified by ``locator``.</doc>
<msg timestamp="20240301 06:53:51.969" level="INFO">Clicking button 'id:send-notification-btn'.</msg>
<status status="PASS" starttime="20240301 06:53:51.969" endtime="20240301 06:53:52.005"/>
</kw>
<kw name="Handle Alert" library="SeleniumLibrary">
<doc>Handles the current alert and returns its message.</doc>
<msg timestamp="20240301 06:53:52.005" level="INFO">HANDLE::&lt;class 'NoneType'&gt;::None</msg>
<status status="PASS" starttime="20240301 06:53:52.005" endtime="20240301 06:53:52.007"/>
</kw>
<kw name="Location Should Be" library="SeleniumLibrary">
<arg>${URL}</arg>
<doc>Verifies that the current URL is exactly ``url``.</doc>
<msg timestamp="20240301 06:53:52.060" level="INFO">Current location is 'http://localhost/product/list'.</msg>
<status status="PASS" starttime="20240301 06:53:52.007" endtime="20240301 06:53:52.060"/>
</kw>
<status status="PASS" starttime="20240301 06:53:51.903" endtime="20240301 06:53:52.060"/>
</kw>
<kw name="Close All Browsers" library="SeleniumLibrary" type="TEARDOWN">
<doc>Closes all open browsers and resets the browser cache.</doc>
<status status="PASS" starttime="20240301 06:53:52.060" endtime="20240301 06:53:52.130"/>
</kw>
<status status="PASS" starttime="20240301 06:53:48.488" endtime="20240301 06:53:52.130"/>
</test>
<status status="PASS" starttime="20240301 06:53:48.446" endtime="20240301 06:53:52.130"/>
</suite>
<status status="PASS" starttime="20240301 06:53:48.441" endtime="20240301 06:53:52.130"/>
</suite>
<statistics>
<total>
<stat pass="1" fail="0" skip="0">All Tests</stat>
</total>
<tag>
</tag>
<suite>
<stat pass="1" fail="0" skip="0" id="s1" name="Ui">Ui</stat>
<stat pass="1" fail="0" skip="0" id="s1-s1" name="Sck Online Shopping Creditcard Success">Ui.Sck Online Shopping Creditcard Success</stat>
</suite>
</statistics>
<errors>
</errors>
</robot>
